<?xml version="1.0" encoding="UTF-8"?>
<!-- Generated by org.testng.reporters.JUnitXMLReporter -->
<testsuite ignored="0" hostname="SANGEETHA-PC" failures="0" tests="5" name="ChromeTest" time="49.073" errors="0" timestamp="2023-03-05T20:28:01 AST">
  <testcase classname="com.pomwithpagefactoryusingparametersnew.Scripts.LoginTest" name="verifyLoginwithValidUsernameandInvalidPassword" time="2.995"/>
  <testcase classname="com.pomwithpagefactoryusingparametersnew.Scripts.LoginTest" name="verifyLoginwithInvalidUsernameandValidPassword" time="3.463"/>
  <testcase classname="com.pomwithpagefactoryusingparametersnew.Scripts.LoginTest" name="verifyLoginwithInvalidUsernameandInvalidPassword" time="8.676"/>
  <testcase classname="com.pomwithpagefactoryusingparametersnew.Scripts.LoginTest" name="verifyLoginwithValidUsernameandValidPassword" time="2.824"/>
  <testcase classname="com.pomwithpagefactoryusingparametersnew.Scripts.FlightTest" name="flight" time="9.817"/>
</testsuite> <!-- ChromeTest -->
