<?xml version="1.0" encoding="UTF-8"?>
<!-- Generated by org.testng.reporters.JUnitXMLReporter -->
<testsuite ignored="0" hostname="SANGEETHA-PC" failures="0" tests="5" name="EdgeTest" time="35.744" errors="0" timestamp="2023-03-05T20:28:37 AST">
  <testcase classname="com.pomwithpagefactoryusingparametersnew.Scripts.LoginTest" name="verifyLoginwithValidUsernameandInvalidPassword" time="2.849"/>
  <testcase classname="com.pomwithpagefactoryusingparametersnew.Scripts.LoginTest" name="verifyLoginwithInvalidUsernameandValidPassword" time="3.431"/>
  <testcase classname="com.pomwithpagefactoryusingparametersnew.Scripts.LoginTest" name="verifyLoginwithInvalidUsernameandInvalidPassword" time="2.752"/>
  <testcase classname="com.pomwithpagefactoryusingparametersnew.Scripts.LoginTest" name="verifyLoginwithValidUsernameandValidPassword" time="2.913"/>
  <testcase classname="com.pomwithpagefactoryusingparametersnew.Scripts.FlightTest" name="flight" time="5.113"/>
</testsuite> <!-- EdgeTest -->
