<?xml version="1.0" encoding="UTF-8"?>
<testsuite xmlns:xsi="http://www.w3.org/2001/XMLSchema-instance" xsi:noNamespaceSchemaLocation="https://maven.apache.org/surefire/maven-surefire-plugin/xsd/surefire-test-report-3.0.xsd" version="3.0" name="TestSuite" time="86.126" tests="10" errors="0" skipped="0" failures="0">
  <properties>
[...]
</properties>
  <testcase name="verifyLoginwithValidUsernameandInvalidPassword[tutorial, tuto123@](1)" classname="com.pomwithpagefactoryusingparametersnew.Scripts.FlightTest" time="2.998">
    <system-out><![CDATA[[INFO] Running TestSuite
]]></system-out>
    <system-err><![CDATA[SLF4J: Failed to load class "org.slf4j.impl.StaticLoggerBinder".
SLF4J: Defaulting to no-operation (NOP) logger implementation
SLF4J: See http://www.slf4j.org/codes.html#StaticLoggerBinder for further details.
Starting ChromeDriver 110.0.5481.77 (65ed616c6e8ee3fe0ad64fe83796c020644d42af-refs/branch-heads/5481@{#839}) on port 43559
Only local connections are allowed.
Please see https://chromedriver.chromium.org/security-considerations for suggestions on keeping ChromeDriver safe.
ChromeDriver was started successfully.
[1678037235.981][WARNING]: virtual void DevToolsClientImpl::AddListener(DevToolsEventListener *) subscribing a listener to the already connected DevToolsClient. Connection notification will not arrive.
Mar. 05, 2023 8:27:16 P.M. org.openqa.selenium.remote.ProtocolHandshake createSession
INFO: Detected dialect: W3C
]]></system-err>
  </testcase>
  <testcase name="verifyLoginwithValidUsernameandInvalidPassword[tutorial, tuto123@](1)" classname="com.pomwithpagefactoryusingparametersnew.Scripts.FlightTest" time="2.849">
    <system-err><![CDATA[Starting Microsoft Edge WebDriver 110.0.1587.63 (b26c9b8fc01e4ee6478cd1585db0bdec672b52a6) on port 29950
To submit feedback, report a bug, or suggest new features, please visit https://github.com/MicrosoftEdge/EdgeWebDriver

Only local connections are allowed.
Please see https://aka.ms/WebDriverSecurity for suggestions on keeping Microsoft Edge WebDriver safe.

Microsoft Edge WebDriver was started successfully.
[1678037285.583][WARNING]: virtual void DevToolsClientImpl::AddListener(DevToolsEventListener *) subscribing a listener to the already connected DevToolsClient. Connection notification will not arrive.
Mar. 05, 2023 8:28:05 P.M. org.openqa.selenium.remote.ProtocolHandshake createSession
INFO: Detected dialect: W3C
]]></system-err>
  </testcase>
  <testcase name="verifyLoginwithInvalidUsernameandValidPassword[tuto123@, tutorial](1)" classname="com.pomwithpagefactoryusingparametersnew.Scripts.FlightTest" time="3.462"/>
  <testcase name="verifyLoginwithInvalidUsernameandValidPassword[tuto123@, tutorial](1)" classname="com.pomwithpagefactoryusingparametersnew.Scripts.FlightTest" time="3.431"/>
  <testcase name="verifyLoginwithInvalidUsernameandInvalidPassword[tuto123@, tuto123@](1)" classname="com.pomwithpagefactoryusingparametersnew.Scripts.FlightTest" time="8.676"/>
  <testcase name="verifyLoginwithInvalidUsernameandInvalidPassword[tuto123@, tuto123@](1)" classname="com.pomwithpagefactoryusingparametersnew.Scripts.FlightTest" time="2.752"/>
  <testcase name="verifyLoginwithValidUsernameandValidPassword[tutorial, tutorial](1)" classname="com.pomwithpagefactoryusingparametersnew.Scripts.FlightTest" time="2.824"/>
  <testcase name="verifyLoginwithValidUsernameandValidPassword[tutorial, tutorial](1)" classname="com.pomwithpagefactoryusingparametersnew.Scripts.FlightTest" time="2.913"/>
  <testcase name="flight" classname="com.pomwithpagefactoryusingparametersnew.Scripts.FlightTest" time="9.817"/>
  <testcase name="flight" classname="com.pomwithpagefactoryusingparametersnew.Scripts.FlightTest" time="5.113"/>
</testsuite>